/* Tauheed Alamgir 101194927 */

#include <stdio.h>
#include <stdlib.h>

/* main: generate some simple output. */

int main(void)
{
	printf("Hello, world!\n");
	printf("C programming is fun!\n");
	return EXIT_SUCCESS;
}

/* a) Building message / Executing message:
Building main.obj.
C:\Users\tauhe\Desktop\SYSC 2006\LAB1\hello\main.c(18): error #2001: Syntax error: expected '}' but found 'end of input'.
*** Error code: 1 ***
Done.
*/

/* b) Building message / Executing message: 
Building main.obj.
C:\Users\tauhe\Desktop\SYSC 2006\LAB1\hello\main.c(6): warning #2099: Missing type specifier; assuming 'int'.
Building main.exe.
Done.
*/

/* c) Building message: 
Building main.obj.
Building main.exe.
POLINK: error: Unresolved external symbol '_main'.
POLINK: fatal error: 1 unresolved external(s).
*** Error code: 1 ***
Done.
	Executing message:
Building main.exe.
POLINK: error: Unresolved external symbol '_main'.
POLINK: fatal error: 1 unresolved external(s).
*** Error code: 1 ***
Done.
*/

/* d) Building message: 
Building main.obj.
Building main.exe.
POLINK: error: Unresolved external symbol '_main'.
POLINK: fatal error: 1 unresolved external(s).
*** Error code: 1 ***
Done.
	Executing message:
Building main.exe.
POLINK: error: Unresolved external symbol '_main'.
POLINK: fatal error: 1 unresolved external(s).
*** Error code: 1 ***
Done.
*/

/* e) Building message: 
Building main.obj.
C:\Users\tauhe\Desktop\SYSC 2006\LAB1\hello\main.c(8): warning #2027: Missing prototype for 'pintf'.
Building main.exe.
POLINK: error: Unresolved external symbol '_pintf'.
POLINK: fatal error: 1 unresolved external(s).
*** Error code: 1 ***
Done.
	Executing message:
Building main.exe.
POLINK: error: Unresolved external symbol '_pintf'.
POLINK: fatal error: 1 unresolved external(s).
*** Error code: 1 ***
Done.
*/

/* f) Building message / Executing message: 
Building main.obj.
C:\Users\tauhe\Desktop\SYSC 2006\LAB1\hello\main.c(8): error #2001: Syntax error: expected ')' but found ';'.
*** Error code: 1 ***
Done.
*/

/* g) Building message / Executing message: 
Building main.obj.
C:\Users\tauhe\Desktop\SYSC 2006\LAB1\hello\main.c(8): error #2001: Syntax error: expected ';' but found ')'.
C:\Users\tauhe\Desktop\SYSC 2006\LAB1\hello\main.c(8): error #2061: Illegal statement termination.
*** Error code: 1 ***
Done.
*/

/* h) Building message / Executing message: 
Building main.obj.
C:\Users\tauhe\Desktop\SYSC 2006\LAB1\hello\main.c(11): error #2001: Syntax error: expected ';' but found '}'.
*** Error code: 1 ***
Done.
*/
